************** Start Log For Day : '2019-11-29 12:39:43pm'**********

************** END Log For Day : '2019-11-29 12:39:43pm'**********
************** Start Log For Day : '2019-11-29 12:39:51pm'**********

************** END Log For Day : '2019-11-29 12:39:51pm'**********
************** Start Log For Day : '2019-11-29 12:39:57pm'**********

************** END Log For Day : '2019-11-29 12:39:57pm'**********
************** Start Log For Day : '2019-11-29 12:41:17pm'**********

************** END Log For Day : '2019-11-29 12:41:17pm'**********
************** Start Log For Day : '2019-11-29 12:41:43pm'**********

************** END Log For Day : '2019-11-29 12:41:43pm'**********
************** Start Log For Day : '2019-11-29 02:41:08pm'**********

************** END Log For Day : '2019-11-29 02:41:08pm'**********
************** Start Log For Day : '2019-11-29 02:41:33pm'**********

************** END Log For Day : '2019-11-29 02:41:33pm'**********
************** Start Log For Day : '2019-11-29 02:42:23pm'**********

************** END Log For Day : '2019-11-29 02:42:23pm'**********
************** Start Log For Day : '2019-11-29 02:42:45pm'**********

************** END Log For Day : '2019-11-29 02:42:45pm'**********
************** Start Log For Day : '2019-11-29 02:43:16pm'**********

************** END Log For Day : '2019-11-29 02:43:16pm'**********
************** Start Log For Day : '2019-11-29 02:44:19pm'**********

************** END Log For Day : '2019-11-29 02:44:19pm'**********
************** Start Log For Day : '2019-11-29 02:45:01pm'**********

************** END Log For Day : '2019-11-29 02:45:01pm'**********
************** Start Log For Day : '2019-11-29 02:45:05pm'**********

************** END Log For Day : '2019-11-29 02:45:05pm'**********
************** Start Log For Day : '2019-11-29 02:45:05pm'**********
Array
(
    [username] => 1
    [password] => 1
)

************** END Log For Day : '2019-11-29 02:45:05pm'**********
************** Start Log For Day : '2019-11-29 02:46:13pm'**********

************** END Log For Day : '2019-11-29 02:46:13pm'**********
************** Start Log For Day : '2019-11-29 02:46:17pm'**********

************** END Log For Day : '2019-11-29 02:46:17pm'**********
************** Start Log For Day : '2019-11-29 02:46:17pm'**********
Array
(
    [username] => 1
    [password] => 2
)

************** END Log For Day : '2019-11-29 02:46:17pm'**********
************** Start Log For Day : '2019-11-29 02:46:20pm'**********
Array
(
    [username] => 1
    [password] => 2
)

************** END Log For Day : '2019-11-29 02:46:20pm'**********
************** Start Log For Day : '2019-11-29 02:46:20pm'**********
Array
(
    [username] => 1
    [password] => 2
)

************** END Log For Day : '2019-11-29 02:46:20pm'**********
************** Start Log For Day : '2019-11-29 02:46:28pm'**********

************** END Log For Day : '2019-11-29 02:46:28pm'**********
************** Start Log For Day : '2019-11-29 02:46:28pm'**********
Array
(
    [username] => 1fgh
    [password] => 2gh
)

************** END Log For Day : '2019-11-29 02:46:28pm'**********
************** Start Log For Day : '2019-11-29 02:46:36pm'**********

************** END Log For Day : '2019-11-29 02:46:36pm'**********
************** Start Log For Day : '2019-11-29 02:46:36pm'**********
Array
(
    [username] => 1fgh
    [password] => 2gh
)

************** END Log For Day : '2019-11-29 02:46:36pm'**********
************** Start Log For Day : '2019-11-29 02:46:51pm'**********

************** END Log For Day : '2019-11-29 02:46:51pm'**********
************** Start Log For Day : '2019-11-29 02:59:01pm'**********

************** END Log For Day : '2019-11-29 02:59:01pm'**********
************** Start Log For Day : '2019-11-29 02:59:02pm'**********

************** END Log For Day : '2019-11-29 02:59:02pm'**********
************** Start Log For Day : '2019-11-29 04:32:34pm'**********

************** END Log For Day : '2019-11-29 04:32:34pm'**********
************** Start Log For Day : '2019-11-29 04:33:13pm'**********

************** END Log For Day : '2019-11-29 04:33:13pm'**********
************** Start Log For Day : '2019-11-29 04:53:18pm'**********

************** END Log For Day : '2019-11-29 04:53:18pm'**********
